make --dry-run --keep-going --print-directory
make: Entering directory `/Users/ytijani/Desktop/Minishell-42'
gcc -Wall -Wextra -Werror -c builtins/cd.c -o builtins/cd.o
gcc -Wall -Wextra -Werror -c builtins/echo.c -o builtins/echo.o
gcc -Wall -Wextra -Werror -c builtins/ft_env.c -o builtins/ft_env.o
gcc -Wall -Wextra -Werror -c builtins/ft_export.c -o builtins/ft_export.o
 
gcc -Wall -Wextra -Werror -c builtins/ft_unset.c -o builtins/ft_unset.o
gcc -Wall -Wextra -Werror -c builtins/pwd.c -o builtins/pwd.o
gcc -Wall -Wextra -Werror -c builtins/ft_exit.c -o builtins/ft_exit.o
 
gcc -Wall -Wextra -Werror -c builtins/utils.c -o builtins/utils.o
gcc -Wall -Wextra -Werror -c builtins/utils2.c -o builtins/utils2.o
gcc -Wall -Wextra -Werror -c exec/ft_memcpy.c -o exec/ft_memcpy.o
gcc -Wall -Wextra -Werror -c exec/ft_split.c -o exec/ft_split.o
gcc -Wall -Wextra -Werror -c exec/ft_strchr.c -o exec/ft_strchr.o
gcc -Wall -Wextra -Werror -c exec/ft_strlcpy.c -o exec/ft_strlcpy.o
gcc -Wall -Wextra -Werror -c exec/get_path.c -o exec/get_path.o
gcc -Wall -Wextra -Werror -c exec/help_linkedlist.c -o exec/help_linkedlist.o
 
gcc -Wall -Wextra -Werror -c exec/exec_cmd.c -o exec/exec_cmd.o
gcc -Wall -Wextra -Werror -c exec/utils.c -o exec/utils.o
gcc -Wall -Wextra -Werror -c exec/handle_signals.c -o exec/handle_signals.o
gcc -Wall -Wextra -Werror -c exec/ft_atoi.c -o exec/ft_atoi.o
 
gcc -Wall -Wextra -Werror -c parsing/data_structures/commands.c -o parsing/data_structures/commands.o
gcc -Wall -Wextra -Werror -c parsing/data_structures/dollars.c -o parsing/data_structures/dollars.o
gcc -Wall -Wextra -Werror -c parsing/data_structures/heredocs.c -o parsing/data_structures/heredocs.o
gcc -Wall -Wextra -Werror -c parsing/data_structures/queue.c -o parsing/data_structures/queue.o
gcc -Wall -Wextra -Werror -c exec/ft_strstr.c -o exec/ft_strstr.o
gcc -Wall -Wextra -Werror -c parsing/functions/builtins.c -o parsing/functions/builtins.o
gcc -Wall -Wextra -Werror -c parsing/functions/compare.c -o parsing/functions/compare.o
gcc -Wall -Wextra -Werror -c parsing/functions/conditions.c -o parsing/functions/conditions.o
gcc -Wall -Wextra -Werror -c parsing/functions/conditions2.c -o parsing/functions/conditions2.o
gcc -Wall -Wextra -Werror -c parsing/functions/itoa.c -o parsing/functions/itoa.o
gcc -Wall -Wextra -Werror -c parsing/functions/join_strings.c -o parsing/functions/join_strings.o
gcc -Wall -Wextra -Werror -c parsing/functions/quotes.c -o parsing/functions/quotes.o
gcc -Wall -Wextra -Werror -c parsing/functions/search.c -o parsing/functions/search.o
gcc -Wall -Wextra -Werror -c parsing/functions/strings.c -o parsing/functions/strings.o
gcc -Wall -Wextra -Werror -c parsing/variables/expansion.c -o parsing/variables/expansion.o
gcc -Wall -Wextra -Werror -c parsing/variables/get_dollars.c -o parsing/variables/get_dollars.o
gcc -Wall -Wextra -Werror -c parsing/buckets.c -o parsing/buckets.o
gcc -Wall -Wextra -Werror -c parsing/help_destroy.c -o parsing/help_destroy.o
gcc -Wall -Wextra -Werror -c get_next_line/get_next_line.c -o get_next_line/get_next_line.o
gcc -Wall -Wextra -Werror -c get_next_line/get_next_line_utils.c -o get_next_line/get_next_line_utils.o
gcc -Wall -Wextra -Werror -c parsing/cmd.c -o parsing/cmd.o
gcc -Wall -Wextra -Werror -c parsing/destroy.c -o parsing/destroy.o
gcc -Wall -Wextra -Werror -c parsing/errors.c -o parsing/errors.o
gcc -Wall -Wextra -Werror -c parsing/expressions1.c -o parsing/expressions1.o
gcc -Wall -Wextra -Werror -c parsing/expressions2.c -o parsing/expressions2.o
gcc -Wall -Wextra -Werror -c parsing/here_doc.c -o parsing/here_doc.o
gcc -Wall -Wextra -Werror -c parsing/parsing.c -o parsing/parsing.o
gcc -Wall -Wextra -Werror -c parsing/redirect.c -o parsing/redirect.o
gcc -Wall -Wextra -Werror -c parsing/run_heredoc.c -o parsing/run_heredoc.o
gcc -Wall -Wextra -Werror -c exec/main.c -o exec/main.o
gcc -Wall -Wextra -Werror -c parsing/prompt.c -o parsing/prompt.o
gcc -Wall -Wextra -Werror -c parsing/variables/expansion1.c -o parsing/variables/expansion1.o
gcc   -lreadline -L /Users/ytijani/.brew/opt/readline/lib -I /Users/ytijani/.brew/opt/readline/include builtins/cd.c builtins/echo.c builtins/ft_env.c builtins/ft_export.c builtins/ft_unset.c builtins/pwd.c builtins/ft_exit.c builtins/utils.c builtins/utils2.c exec/ft_memcpy.c exec/ft_split.c exec/ft_strchr.c exec/ft_strlcpy.c exec/get_path.c exec/help_linkedlist.c exec/exec_cmd.c exec/utils.c exec/handle_signals.c exec/ft_atoi.c parsing/data_structures/commands.c parsing/data_structures/dollars.c parsing/data_structures/heredocs.c parsing/data_structures/queue.c exec/ft_strstr.c parsing/functions/builtins.c parsing/functions/compare.c parsing/functions/conditions.c parsing/functions/conditions2.c parsing/functions/itoa.c parsing/functions/join_strings.c parsing/functions/quotes.c parsing/functions/search.c parsing/functions/strings.c parsing/variables/expansion.c parsing/variables/get_dollars.c parsing/buckets.c parsing/help_destroy.c get_next_line/get_next_line.c get_next_line/get_next_line_utils.c parsing/cmd.c parsing/destroy.c parsing/errors.c parsing/expressions1.c parsing/expressions2.c parsing/here_doc.c parsing/parsing.c parsing/redirect.c parsing/run_heredoc.c exec/main.c parsing/prompt.c parsing/variables/expansion1.c -o minishell
printf "\n\n \033[1;36m    __  ___ ____ _   __ ____ _____  __  __ ______ __     __       ___ _____ _____ _____\n \033[2;36m   /  |/  //  _// | / //  _// ___/ / / / // ____// /    / /      <  /|__  /|__  //__  /\n \033[2;36m  / /|_/ / / / /  |/ / / /  \__ \ / /_/ // __/  / /    / /       / /  /_ <  /_ <   / / \n \033[0;36m / /  / /_/ / / /|  /_/ /  ___/ // __  // /___ / /___ / /___    / / ___/ /___/ /  / /  \n \033[0;36m/_/  /_//___//_/ |_//___/ /____//_/ /_//_____//_____//_____/   /_/ /____//____/  /_/   \n \n \t\t\t\t\t\t\t \033[1;31mmade by (hel-mefe && ytijani)\n\n\n"
make: Leaving directory `/Users/ytijani/Desktop/Minishell-42'
 
