make all --print-data-base --no-builtin-variables --no-builtin-rules --question
# GNU Make 3.81
# Copyright (C) 2006  Free Software Foundation, Inc.
# This is free software; see the source for copying conditions.
# There is NO warranty; not even for MERCHANTABILITY or FITNESS FOR A
# PARTICULAR PURPOSE.

# This program built for i386-apple-darwin11.3.0
 

# Make data base, printed on Thu Jul 21 21:46:46 2022

# Variables

# automatic
<D = $(patsubst %/,%,$(dir $<))
# automatic
 
?F = $(notdir $?)
# makefile (from `Makefile', line 25)
OBJCT = ${SRC:.c=.o}
# makefile (from `Makefile', line 15)
SRC = builtins/cd.c builtins/echo.c builtins/ft_env.c builtins/ft_export.c builtins/ft_unset.c builtins/pwd.c builtins/ft_exit.c exec/ft_memcpy.c exec/ft_split.c exec/ft_strchr.c exec/ft_strlcpy.c exec/get_path.c exec/help_linkedlist.c exec/exec_cmd.c parsing/cmd.c parsing/destroy.c parsing/dollar_expansion.c parsing/errors.c parsing/here_doc.c parsing/parsing.c parsing/run_heredoc.c parsing/utils.c parsing/utils2.c parsing/utils3.c parsing/utils4.c parsing/get_next_line.c parsing/get_next_line_utils.c exec/main.c
# automatic
?D = $(patsubst %/,%,$(dir $?))
# automatic
@D = $(patsubst %/,%,$(dir $@))
# automatic
@F = $(notdir $@)
# makefile
CURDIR := /Users/ytijani/Desktop/Minishell-42
# makefile
SHELL = /bin/sh
# environment
VSCODE_NLS_CONFIG = {"locale":"en-us","availableLanguages":{},"_languagePackSupport":true}
# environment
_ = /usr/bin/make
# makefile (from `Makefile', line 1)
MAKEFILE_LIST :=  Makefile
# environment
VSCODE_CWD = /
# environment
Apple_PubSub_Socket_Render = /private/tmp/com.apple.launchd.MJikZzRmSZ/Render
# environment
PATH = /Users/ytijani/goinfre/.brew/bin:/usr/local/bin:/usr/bin:/bin:/usr/sbin:/sbin:/usr/local/munki
# environment
ELECTRON_RUN_AS_NODE = 1
# default
.FEATURES := target-specific order-only second-expansion else-if archives jobserver check-symlink
# environment
SSH_AUTH_SOCK = /private/tmp/com.apple.launchd.7TzuYwUcaH/Listeners
# automatic
%F = $(notdir $%)
# environment
HOMEBREW_TEMP = /tmp/ytijani/Homebrew/Temp
# environment
PWD = /Users/ytijani/Desktop/Minishell-42
# environment
ORIGINAL_XDG_CURRENT_DESKTOP = undefined
# environment
VSCODE_AMD_ENTRYPOINT = vs/workbench/api/node/extensionHostProcess
# environment
HOME = /Users/ytijani
# default
MAKEFILEPATH := /Applications/Xcode.app/Contents/Developer/Makefiles
# environment
VSCODE_CODE_CACHE_PATH = /Users/ytijani/Library/Application Support/Code/CachedData/b06ae3b2d2dbfe28bca3134cc6be65935cdfea6a
# environment
LOGNAME = ytijani
# environment
APPLICATION_INSIGHTS_NO_DIAGNOSTIC_CHANNEL = 1
# environment
VSCODE_HANDLES_UNCAUGHT_ERRORS = true
# automatic
^D = $(patsubst %/,%,$(dir $^))
# environment
XPC_FLAGS = 0x0
# default
MAKE = $(MAKE_COMMAND)
# default
MAKECMDGOALS := all
# environment
HOMEBREW_CACHE = /tmp/ytijani/Homebrew/Caches
# environment
SHLVL = 1
# makefile (from `Makefile', line 21)
CC = cc
# default
MAKE_VERSION := 3.81
# environment
USER = ytijani
# makefile
.DEFAULT_GOAL := all
# makefile (from `Makefile', line 13)
NAME = minishell
# automatic
%D = $(patsubst %/,%,$(dir $%))
# default
MAKE_COMMAND := /Applications/Xcode.app/Contents/Developer/usr/bin/make
# default
.VARIABLES := 
# environment
TMPDIR = /var/folders/zz/zyxvpxvq6csfxvn_n0000j1800048_/T/
# automatic
*F = $(notdir $*)
# environment
VSCODE_IPC_HOOK = /Users/ytijani/Library/Application Support/Code/1.69.1-main.sock
# environment
MallocNanoZone = 0
# makefile
MAKEFLAGS = Rrqp
# environment
MFLAGS = -Rrqp
# automatic
*D = $(patsubst %/,%,$(dir $*))
# environment
XPC_SERVICE_NAME = com.apple.xpc.launchd.oneshot.0x10000002.Electron
# automatic
+D = $(patsubst %/,%,$(dir $+))
# automatic
+F = $(notdir $+)
# environment
__CF_USER_TEXT_ENCODING = 0x110A:0x0:0x0
# environment
COMMAND_MODE = unix2003
# default
MAKEFILES := 
# automatic
<F = $(notdir $<)
# environment
LC_ALL = C
# environment
SECURITYSESSIONID = 186a8
# automatic
^F = $(notdir $^)
# default
SUFFIXES := 
# default
.INCLUDE_DIRS = /usr/local/include
# environment
MAKELEVEL := 0
# environment
LANG = C
# environment
VSCODE_PID = 12668
# variable set hash-table stats:
# Load=65/1024=6%, Rehash=0, Collisions=1/93=1%

# Pattern-specific Variable Values

# No pattern-specific variable values.

# Directories
 

# . (device 16777227, inode 5492016): 15 files, no impossibilities.

# 15 files, no impossibilities in 1 directories.

# Implicit Rules

# No implicit rules.

# Files

# Not a target:
parsing/dollar_expansion.o:
#  Implicit rule search has been done.
#  Last modified 2022-07-21 21:46:25
#  File has been updated.
#  Successfully updated.
# variable set hash-table stats:
# Load=0/32=0%, Rehash=0, Collisions=0/0=0%

all: minishell
#  Command-line target.
#  Implicit rule search has been done.
#  File does not exist.
#  File has been updated.
#  Successfully updated.
# variable set hash-table stats:
# Load=0/32=0%, Rehash=0, Collisions=0/0=0%

# Not a target:
builtins/pwd.o:
#  Implicit rule search has been done.
#  Last modified 2022-07-21 21:46:25
#  File has been updated.
#  Successfully updated.
# variable set hash-table stats:
# Load=0/32=0%, Rehash=0, Collisions=0/0=0%

# Not a target:
builtins/cd.o:
#  Implicit rule search has been done.
#  Last modified 2022-07-21 21:46:24
#  File has been updated.
#  Successfully updated.
# variable set hash-table stats:
# Load=0/32=0%, Rehash=0, Collisions=0/0=0%

# Not a target:
parsing/here_doc.o:
#  Implicit rule search has been done.
#  Last modified 2022-07-21 21:46:25
#  File has been updated.
#  Successfully updated.
# variable set hash-table stats:
# Load=0/32=0%, Rehash=0, Collisions=0/0=0%

# Not a target:
parsing/get_next_line_utils.o:
#  Implicit rule search has been done.
#  Last modified 2022-07-21 21:46:26
#  File has been updated.
#  Successfully updated.
# variable set hash-table stats:
# Load=0/32=0%, Rehash=0, Collisions=0/0=0%

# Not a target:
builtins/echo.o:
#  Implicit rule search has been done.
#  Last modified 2022-07-21 21:46:25
#  File has been updated.
#  Successfully updated.
# variable set hash-table stats:
# Load=0/32=0%, Rehash=0, Collisions=0/0=0%

# Not a target:
parsing/destroy.o:
#  Implicit rule search has been done.
#  Last modified 2022-07-21 21:46:25
#  File has been updated.
#  Successfully updated.
# variable set hash-table stats:
# Load=0/32=0%, Rehash=0, Collisions=0/0=0%

# Not a target:
.SUFFIXES:
#  Implicit rule search has not been done.
#  Modification time never checked.
#  File has not been updated.

# Not a target:
Makefile:
#  Implicit rule search has been done.
#  Last modified 2022-07-21 21:46:43
#  File has been updated.
#  Successfully updated.
# variable set hash-table stats:
# Load=0/32=0%, Rehash=0, Collisions=0/0=0%

# Not a target:
builtins/ft_export.o:
#  Implicit rule search has been done.
#  Last modified 2022-07-21 21:46:25
#  File has been updated.
#  Successfully updated.
# variable set hash-table stats:
# Load=0/32=0%, Rehash=0, Collisions=0/0=0%

# Not a target:
exec/ft_strlcpy.o:
#  Implicit rule search has been done.
#  Last modified 2022-07-21 21:46:25
#  File has been updated.
#  Successfully updated.
# variable set hash-table stats:
# Load=0/32=0%, Rehash=0, Collisions=0/0=0%

# Not a target:
exec/get_path.o:
#  Implicit rule search has been done.
#  Last modified 2022-07-21 21:46:25
#  File has been updated.
#  Successfully updated.
# variable set hash-table stats:
# Load=0/32=0%, Rehash=0, Collisions=0/0=0%

minishell: builtins/cd.o builtins/echo.o builtins/ft_env.o builtins/ft_export.o builtins/ft_unset.o builtins/pwd.o builtins/ft_exit.o exec/ft_memcpy.o exec/ft_split.o exec/ft_strchr.o exec/ft_strlcpy.o exec/get_path.o exec/help_linkedlist.o exec/exec_cmd.o parsing/cmd.o parsing/destroy.o parsing/dollar_expansion.o parsing/errors.o parsing/here_doc.o parsing/parsing.o parsing/run_heredoc.o parsing/utils.o parsing/utils2.o parsing/utils3.o parsing/utils4.o parsing/get_next_line.o parsing/get_next_line_utils.o exec/main.o
#  Implicit rule search has not been done.
#  Last modified 2022-07-21 21:46:27
#  File has been updated.
#  Successfully updated.
# variable set hash-table stats:
# Load=0/32=0%, Rehash=0, Collisions=0/0=0%
#  commands to execute (from `Makefile', line 29):
	@$(CC)  -lreadline -fsanitize=address -L /Users/ytijani/.brew/opt/readline/lib -I /Users/ytijani/.brew/opt/readline/include $(SRC) -o $(NAME)
	

# Not a target:
parsing/utils2.o:
#  Implicit rule search has been done.
#  Last modified 2022-07-21 21:46:26
#  File has been updated.
#  Successfully updated.
# variable set hash-table stats:
# Load=0/32=0%, Rehash=0, Collisions=0/0=0%

# Not a target:
exec/ft_strchr.o:
#  Implicit rule search has been done.
#  Last modified 2022-07-21 21:46:25
#  File has been updated.
#  Successfully updated.
# variable set hash-table stats:
# Load=0/32=0%, Rehash=0, Collisions=0/0=0%

fclean: clean
#  Implicit rule search has not been done.
#  Modification time never checked.
#  File has not been updated.
#  commands to execute (from `Makefile', line 35):
	@rm -f $(NAME)
	

# Not a target:
parsing/errors.o:
#  Implicit rule search has been done.
#  Last modified 2022-07-21 21:46:25
#  File has been updated.
#  Successfully updated.
# variable set hash-table stats:
# Load=0/32=0%, Rehash=0, Collisions=0/0=0%

# Not a target:
parsing/get_next_line.o:
#  Implicit rule search has been done.
#  Last modified 2022-07-21 21:46:26
#  File has been updated.
#  Successfully updated.
# variable set hash-table stats:
# Load=0/32=0%, Rehash=0, Collisions=0/0=0%

# Not a target:
exec/help_linkedlist.o:
#  Implicit rule search has been done.
#  Last modified 2022-07-21 21:46:25
#  File has been updated.
#  Successfully updated.
# variable set hash-table stats:
# Load=0/32=0%, Rehash=0, Collisions=0/0=0%

# Not a target:
builtins/ft_env.o:
#  Implicit rule search has been done.
#  Last modified 2022-07-21 21:46:25
#  File has been updated.
#  Successfully updated.
# variable set hash-table stats:
# Load=0/32=0%, Rehash=0, Collisions=0/0=0%

# Not a target:
.DEFAULT:
#  Implicit rule search has not been done.
#  Modification time never checked.
#  File has not been updated.

# Not a target:
exec/exec_cmd.o:
#  Implicit rule search has been done.
#  Last modified 2022-07-21 21:46:25
#  File has been updated.
#  Successfully updated.
# variable set hash-table stats:
# Load=0/32=0%, Rehash=0, Collisions=0/0=0%

# Not a target:
builtins/ft_exit.o:
#  Implicit rule search has been done.
#  Last modified 2022-07-21 21:46:25
#  File has been updated.
#  Successfully updated.
# variable set hash-table stats:
# Load=0/32=0%, Rehash=0, Collisions=0/0=0%

# Not a target:
exec/main.o:
#  Implicit rule search has been done.
#  Last modified 2022-07-21 21:46:26
#  File has been updated.
#  Successfully updated.
# variable set hash-table stats:
# Load=0/32=0%, Rehash=0, Collisions=0/0=0%

# Not a target:
parsing/parsing.o:
#  Implicit rule search has been done.
#  Last modified 2022-07-21 21:46:25
#  File has been updated.
#  Successfully updated.
# variable set hash-table stats:
# Load=0/32=0%, Rehash=0, Collisions=0/0=0%

re: fclean all
#  Implicit rule search has not been done.
#  Modification time never checked.
#  File has not been updated.

clean:
#  Implicit rule search has not been done.
#  Modification time never checked.
#  File has not been updated.
#  commands to execute (from `Makefile', line 32):
	@rm -f $(OBJCT)
	

# Not a target:
builtins/ft_unset.o:
#  Implicit rule search has been done.
#  Last modified 2022-07-21 21:46:25
#  File has been updated.
#  Successfully updated.
# variable set hash-table stats:
# Load=0/32=0%, Rehash=0, Collisions=0/0=0%

# Not a target:
exec/ft_memcpy.o:
#  Implicit rule search has been done.
#  Last modified 2022-07-21 21:46:25
#  File has been updated.
#  Successfully updated.
# variable set hash-table stats:
# Load=0/32=0%, Rehash=0, Collisions=0/0=0%

# Not a target:
parsing/utils4.o:
#  Implicit rule search has been done.
#  Last modified 2022-07-21 21:46:26
#  File has been updated.
#  Successfully updated.
# variable set hash-table stats:
# Load=0/32=0%, Rehash=0, Collisions=0/0=0%

# Not a target:
parsing/utils3.o:
#  Implicit rule search has been done.
#  Last modified 2022-07-21 21:46:26
#  File has been updated.
#  Successfully updated.
# variable set hash-table stats:
# Load=0/32=0%, Rehash=0, Collisions=0/0=0%

# Not a target:
parsing/cmd.o:
#  Implicit rule search has been done.
 
#  Last modified 2022-07-21 21:46:25
#  File has been updated.
#  Successfully updated.
# variable set hash-table stats:
# Load=0/32=0%, Rehash=0, Collisions=0/0=0%

# Not a target:
exec/ft_split.o:
#  Implicit rule search has been done.
#  Last modified 2022-07-21 21:46:25
#  File has been updated.
#  Successfully updated.
# variable set hash-table stats:
# Load=0/32=0%, Rehash=0, Collisions=0/0=0%

# Not a target:
parsing/utils.o:
#  Implicit rule search has been done.
#  Last modified 2022-07-21 21:46:26
#  File has been updated.
#  Successfully updated.
# variable set hash-table stats:
# Load=0/32=0%, Rehash=0, Collisions=0/0=0%

# Not a target:
parsing/run_heredoc.o:
#  Implicit rule search has been done.
#  Last modified 2022-07-21 21:46:26
#  File has been updated.
#  Successfully updated.
# variable set hash-table stats:
# Load=0/32=0%, Rehash=0, Collisions=0/0=0%

# files hash-table stats:
# Load=36/1024=4%, Rehash=0, Collisions=2/81=2%
# VPATH Search Paths

# No `vpath' search paths.

# No general (`VPATH' variable) search path.

# # of strings in strcache: 1
# # of strcache buffers: 1
# strcache size: total = 4096 / max = 4096 / min = 4096 / avg = 4096
# strcache free: total = 4087 / max = 4087 / min = 4087 / avg = 4087

# Finished Make data base on Thu Jul 21 21:46:46 2022

 
